<?xml version="1.0" encoding="UTF-8"?>
<testng-results skipped="0" failed="0" total="1" passed="1">
  <reporter-output>
  </reporter-output>
  <suite name="Default suite" duration-ms="42576" started-at="2016-06-25T10:02:00Z" finished-at="2016-06-25T10:02:42Z">
    <groups>
    </groups>
    <test name="Default test" duration-ms="42576" started-at="2016-06-25T10:02:00Z" finished-at="2016-06-25T10:02:42Z">
      <class name="testCases.VerifySignInReports1">
        <test-method status="PASS" signature="setUp()[pri:0, instance:testCases.VerifySignInReports1@6e3c1e69]" name="setUp" is-config="true" duration-ms="34157" started-at="2016-06-25T15:32:00Z" finished-at="2016-06-25T15:32:34Z">
          <reporter-output>
          </reporter-output>
        </test-method> <!-- setUp -->
        <test-method status="PASS" signature="verifySign()[pri:0, instance:testCases.VerifySignInReports1@6e3c1e69]" name="verifySign" duration-ms="6499" started-at="2016-06-25T15:32:34Z" finished-at="2016-06-25T15:32:40Z">
          <reporter-output>
          </reporter-output>
        </test-method> <!-- verifySign -->
        <test-method status="PASS" signature="closing(org.testng.ITestResult)[pri:0, instance:testCases.VerifySignInReports1@6e3c1e69]" name="closing" is-config="true" duration-ms="1899" started-at="2016-06-25T15:32:40Z" finished-at="2016-06-25T15:32:42Z">
          <params>
            <param index="0">
              <value>
                <![CDATA[[TestResult name=verifySign status=SUCCESS method=VerifySignInReports1.verifySign()[pri:0, instance:testCases.VerifySignInReports1@6e3c1e69] output={null}]]]>
              </value>
            </param>
          </params>
          <reporter-output>
          </reporter-output>
        </test-method> <!-- closing -->
      </class> <!-- testCases.VerifySignInReports1 -->
    </test> <!-- Default test -->
  </suite> <!-- Default suite -->
</testng-results>
